# JRE version: OpenJDK Runtime Environment (8.0_212-b04) (build 1.8.0_212-release-1586-b04)
# Java VM: OpenJDK 64-Bit Server VM (25.212-b04 mixed mode windows-amd64 compressed oops)
Heap:
 PSYoungGen      total 231424K, used 67367K [0x00000000e0000000, 0x00000000efd80000, 0x0000000100000000)
  eden space 209408K, 21% used [0x00000000e0000000,0x00000000e2c50a20,0x00000000ecc80000)
  from space 22016K, 99% used [0x00000000ecc80000,0x00000000ee1f9288,0x00000000ee200000)
  to   space 18432K, 0% used [0x00000000ee200000,0x00000000ee200000,0x00000000ef400000)
 ParOldGen       total 141824K, used 36783K [0x00000000a0000000, 0x00000000a8a80000, 0x00000000e0000000)
  object space 141824K, 25% used [0x00000000a0000000,0x00000000a23ebea8,0x00000000a8a80000)
 Metaspace       used 68618K, capacity 71744K, committed 71832K, reserved 1112064K
  class space    used 9485K, capacity 10111K, committed 10136K, reserved 1048576K
GC Heap History (10 events):
Event: 8.021 GC heap before
{Heap before GC invocations=10 (full 2):
 PSYoungGen      total 182272K, used 8177K [0x00000000e0000000, 0x00000000eee00000, 0x0000000100000000)
  eden space 167936K, 0% used [0x00000000e0000000,0x00000000e0000000,0x00000000ea400000)
  from space 14336K, 57% used [0x00000000eb180000,0x00000000eb97c6d8,0x00000000ebf80000)
  to   space 13824K, 0% used [0x00000000ea400000,0x00000000ea400000,0x00000000eb180000)
 ParOldGen       total 66560K, used 12184K [0x00000000a0000000, 0x00000000a4100000, 0x00000000e0000000)
  object space 66560K, 18% used [0x00000000a0000000,0x00000000a0be6020,0x00000000a4100000)
 Metaspace       used 34626K, capacity 35456K, committed 35496K, reserved 1079296K
  class space    used 4753K, capacity 4995K, committed 5032K, reserved 1048576K
Event: 8.163 GC heap after
Heap after GC invocations=10 (full 2):
 PSYoungGen      total 182272K, used 0K [0x00000000e0000000, 0x00000000eee00000, 0x0000000100000000)
  eden space 167936K, 0% used [0x00000000e0000000,0x00000000e0000000,0x00000000ea400000)
  from space 14336K, 0% used [0x00000000eb180000,0x00000000eb180000,0x00000000ebf80000)
  to   space 13824K, 0% used [0x00000000ea400000,0x00000000ea400000,0x00000000eb180000)
 ParOldGen       total 93696K, used 15198K [0x00000000a0000000, 0x00000000a5b80000, 0x00000000e0000000)
  object space 93696K, 16% used [0x00000000a0000000,0x00000000a0ed7be8,0x00000000a5b80000)
 Metaspace       used 34619K, capacity 35432K, committed 35496K, reserved 1079296K
  class space    used 4751K, capacity 4991K, committed 5032K, reserved 1048576K
}
Event: 11.631 GC heap before
{Heap before GC invocations=11 (full 2):
 PSYoungGen      total 182272K, used 167936K [0x00000000e0000000, 0x00000000eee00000, 0x0000000100000000)
  eden space 167936K, 100% used [0x00000000e0000000,0x00000000ea400000,0x00000000ea400000)
  from space 14336K, 0% used [0x00000000eb180000,0x00000000eb180000,0x00000000ebf80000)
  to   space 13824K, 0% used [0x00000000ea400000,0x00000000ea400000,0x00000000eb180000)
 ParOldGen       total 93696K, used 15198K [0x00000000a0000000, 0x00000000a5b80000, 0x00000000e0000000)
  object space 93696K, 16% used [0x00000000a0000000,0x00000000a0ed7be8,0x00000000a5b80000)
 Metaspace       used 51030K, capacity 52574K, committed 52776K, reserved 1095680K
  class space    used 6954K, capacity 7342K, committed 7464K, reserved 1048576K
Event: 11.685 GC heap after
Heap after GC invocations=11 (full 2):
 PSYoungGen      total 181760K, used 13816K [0x00000000e0000000, 0x00000000ef400000, 0x0000000100000000)
  eden space 167936K, 0% used [0x00000000e0000000,0x00000000e0000000,0x00000000ea400000)
  from space 13824K, 99% used [0x00000000ea400000,0x00000000eb17e150,0x00000000eb180000)
  to   space 18432K, 0% used [0x00000000ee200000,0x00000000ee200000,0x00000000ef400000)
 ParOldGen       total 93696K, used 22600K [0x00000000a0000000, 0x00000000a5b80000, 0x00000000e0000000)
  object space 93696K, 24% used [0x00000000a0000000,0x00000000a16123e0,0x00000000a5b80000)
 Metaspace       used 51030K, capacity 52574K, committed 52776K, reserved 1095680K
  class space    used 6954K, capacity 7342K, committed 7464K, reserved 1048576K
}
Event: 13.512 GC heap before
{Heap before GC invocations=12 (full 2):
 PSYoungGen      total 181760K, used 112294K [0x00000000e0000000, 0x00000000ef400000, 0x0000000100000000)
  eden space 167936K, 58% used [0x00000000e0000000,0x00000000e602b728,0x00000000ea400000)
  from space 13824K, 99% used [0x00000000ea400000,0x00000000eb17e150,0x00000000eb180000)
  to   space 18432K, 0% used [0x00000000ee200000,0x00000000ee200000,0x00000000ef400000)
 ParOldGen       total 93696K, used 22600K [0x00000000a0000000, 0x00000000a5b80000, 0x00000000e0000000)
  object space 93696K, 24% used [0x00000000a0000000,0x00000000a16123e0,0x00000000a5b80000)
 Metaspace       used 57192K, capacity 59092K, committed 59160K, reserved 1099776K
  class space    used 7930K, capacity 8407K, committed 8472K, reserved 1048576K
Event: 13.573 GC heap after
Heap after GC invocations=12 (full 2):
 PSYoungGen      total 227840K, used 18413K [0x00000000e0000000, 0x00000000efd80000, 0x0000000100000000)
  eden space 209408K, 0% used [0x00000000e0000000,0x00000000e0000000,0x00000000ecc80000)
  from space 18432K, 99% used [0x00000000ee200000,0x00000000ef3fb610,0x00000000ef400000)
  to   space 22016K, 0% used [0x00000000ecc80000,0x00000000ecc80000,0x00000000ee200000)
 ParOldGen       total 93696K, used 24733K [0x00000000a0000000, 0x00000000a5b80000, 0x00000000e0000000)
  object space 93696K, 26% used [0x00000000a0000000,0x00000000a18274b8,0x00000000a5b80000)
 Metaspace       used 57192K, capacity 59092K, committed 59160K, reserved 1099776K
  class space    used 7930K, capacity 8407K, committed 8472K, reserved 1048576K
}
Event: 13.573 GC heap before
{Heap before GC invocations=13 (full 3):
 PSYoungGen      total 227840K, used 18413K [0x00000000e0000000, 0x00000000efd80000, 0x0000000100000000)
  eden space 209408K, 0% used [0x00000000e0000000,0x00000000e0000000,0x00000000ecc80000)
  from space 18432K, 99% used [0x00000000ee200000,0x00000000ef3fb610,0x00000000ef400000)
  to   space 22016K, 0% used [0x00000000ecc80000,0x00000000ecc80000,0x00000000ee200000)
 ParOldGen       total 93696K, used 24733K [0x00000000a0000000, 0x00000000a5b80000, 0x00000000e0000000)
  object space 93696K, 26% used [0x00000000a0000000,0x00000000a18274b8,0x00000000a5b80000)
 Metaspace       used 57192K, capacity 59092K, committed 59160K, reserved 1099776K
  class space    used 7930K, capacity 8407K, committed 8472K, reserved 1048576K
Event: 13.966 GC heap after
Heap after GC invocations=13 (full 3):
 PSYoungGen      total 227840K, used 0K [0x00000000e0000000, 0x00000000efd80000, 0x0000000100000000)
  eden space 209408K, 0% used [0x00000000e0000000,0x00000000e0000000,0x00000000ecc80000)
  from space 18432K, 0% used [0x00000000ee200000,0x00000000ee200000,0x00000000ef400000)
  to   space 22016K, 0% used [0x00000000ecc80000,0x00000000ecc80000,0x00000000ee200000)
 ParOldGen       total 141824K, used 34275K [0x00000000a0000000, 0x00000000a8a80000, 0x00000000e0000000)
  object space 141824K, 24% used [0x00000000a0000000,0x00000000a2178f20,0x00000000a8a80000)
 Metaspace       used 57154K, capacity 58990K, committed 59160K, reserved 1099776K
  class space    used 7918K, capacity 8386K, committed 8472K, reserved 1048576K
}
Event: 18.873 GC heap before
{Heap before GC invocations=14 (full 3):
 PSYoungGen      total 227840K, used 209408K [0x00000000e0000000, 0x00000000efd80000, 0x0000000100000000)
  eden space 209408K, 100% used [0x00000000e0000000,0x00000000ecc80000,0x00000000ecc80000)
  from space 18432K, 0% used [0x00000000ee200000,0x00000000ee200000,0x00000000ef400000)
  to   space 22016K, 0% used [0x00000000ecc80000,0x00000000ecc80000,0x00000000ee200000)
 ParOldGen       total 141824K, used 34275K [0x00000000a0000000, 0x00000000a8a80000, 0x00000000e0000000)
  object space 141824K, 24% used [0x00000000a0000000,0x00000000a2178f20,0x00000000a8a80000)
 Metaspace       used 67989K, capacity 71054K, committed 71320K, reserved 1110016K
  class space    used 9420K, capacity 10056K, committed 10136K, reserved 1048576K
Event: 18.915 GC heap after
Heap after GC invocations=14 (full 3):
 PSYoungGen      total 231424K, used 21988K [0x00000000e0000000, 0x00000000efd80000, 0x0000000100000000)
  eden space 209408K, 0% used [0x00000000e0000000,0x00000000e0000000,0x00000000ecc80000)
  from space 22016K, 99% used [0x00000000ecc80000,0x00000000ee1f9288,0x00000000ee200000)
  to   space 18432K, 0% used [0x00000000ee200000,0x00000000ee200000,0x00000000ef400000)
 ParOldGen       total 141824K, used 36783K [0x00000000a0000000, 0x00000000a8a80000, 0x00000000e0000000)
  object space 141824K, 25% used [0x00000000a0000000,0x00000000a23ebea8,0x00000000a8a80000)
 Metaspace       used 67989K, capacity 71054K, committed 71320K, reserved 1110016K
  class space    used 9420K, capacity 10056K, committed 10136K, reserved 1048576K
}

