# JRE version: OpenJDK Runtime Environment (8.0_212-b04) (build 1.8.0_212-release-1586-b04)
# Java VM: OpenJDK 64-Bit Server VM (25.212-b04 mixed mode windows-amd64 compressed oops)
Heap:
 PSYoungGen      total 186368K, used 143940K [0x00000000e0000000, 0x00000000ef100000, 0x0000000100000000)
  eden space 167936K, 78% used [0x00000000e0000000,0x00000000e8138998,0x00000000ea400000)
  from space 18432K, 63% used [0x00000000ea400000,0x00000000eaf587a8,0x00000000eb600000)
  to   space 18432K, 0% used [0x00000000edf00000,0x00000000edf00000,0x00000000ef100000)
 ParOldGen       total 135168K, used 30930K [0x00000000a0000000, 0x00000000a8400000, 0x00000000e0000000)
  object space 135168K, 22% used [0x00000000a0000000,0x00000000a1e34ab8,0x00000000a8400000)
 Metaspace       used 71092K, capacity 73494K, committed 73688K, reserved 1112064K
  class space    used 9582K, capacity 10108K, committed 10200K, reserved 1048576K
GC Heap History (10 events):
Event: 19.667 GC heap before
{Heap before GC invocations=12 (full 2):
 PSYoungGen      total 111104K, used 98648K [0x00000000e0000000, 0x00000000e9c80000, 0x0000000100000000)
  eden space 99328K, 99% used [0x00000000e0000000,0x00000000e6056200,0x00000000e6100000)
  from space 11776K, 0% used [0x00000000e6100000,0x00000000e6100000,0x00000000e6c80000)
  to   space 12288K, 0% used [0x00000000e9080000,0x00000000e9080000,0x00000000e9c80000)
 ParOldGen       total 92672K, used 16826K [0x00000000a0000000, 0x00000000a5a80000, 0x00000000e0000000)
  object space 92672K, 18% used [0x00000000a0000000,0x00000000a106e850,0x00000000a5a80000)
 Metaspace       used 44680K, capacity 45798K, committed 46080K, reserved 1089536K
  class space    used 6036K, capacity 6329K, committed 6400K, reserved 1048576K
Event: 19.690 GC heap after
Heap after GC invocations=12 (full 2):
 PSYoungGen      total 141824K, used 12263K [0x00000000e0000000, 0x00000000e9c80000, 0x0000000100000000)
  eden space 129536K, 0% used [0x00000000e0000000,0x00000000e0000000,0x00000000e7e80000)
  from space 12288K, 99% used [0x00000000e9080000,0x00000000e9c79ce8,0x00000000e9c80000)
  to   space 14336K, 0% used [0x00000000e8080000,0x00000000e8080000,0x00000000e8e80000)
 ParOldGen       total 92672K, used 18290K [0x00000000a0000000, 0x00000000a5a80000, 0x00000000e0000000)
  object space 92672K, 19% used [0x00000000a0000000,0x00000000a11dca80,0x00000000a5a80000)
 Metaspace       used 44680K, capacity 45798K, committed 46080K, reserved 1089536K
  class space    used 6036K, capacity 6329K, committed 6400K, reserved 1048576K
}
Event: 24.180 GC heap before
{Heap before GC invocations=13 (full 2):
 PSYoungGen      total 141824K, used 141799K [0x00000000e0000000, 0x00000000e9c80000, 0x0000000100000000)
  eden space 129536K, 100% used [0x00000000e0000000,0x00000000e7e80000,0x00000000e7e80000)
  from space 12288K, 99% used [0x00000000e9080000,0x00000000e9c79ce8,0x00000000e9c80000)
  to   space 14336K, 0% used [0x00000000e8080000,0x00000000e8080000,0x00000000e8e80000)
 ParOldGen       total 92672K, used 18290K [0x00000000a0000000, 0x00000000a5a80000, 0x00000000e0000000)
  object space 92672K, 19% used [0x00000000a0000000,0x00000000a11dca80,0x00000000a5a80000)
 Metaspace       used 55491K, capacity 57258K, committed 57600K, reserved 1099776K
  class space    used 7655K, capacity 8082K, committed 8192K, reserved 1048576K
Event: 24.219 GC heap after
Heap after GC invocations=13 (full 2):
 PSYoungGen      total 145920K, used 14305K [0x00000000e0000000, 0x00000000ec800000, 0x0000000100000000)
  eden space 131584K, 0% used [0x00000000e0000000,0x00000000e0000000,0x00000000e8080000)
  from space 14336K, 99% used [0x00000000e8080000,0x00000000e8e786e8,0x00000000e8e80000)
  to   space 18432K, 0% used [0x00000000eb600000,0x00000000eb600000,0x00000000ec800000)
 ParOldGen       total 92672K, used 24385K [0x00000000a0000000, 0x00000000a5a80000, 0x00000000e0000000)
  object space 92672K, 26% used [0x00000000a0000000,0x00000000a17d06a8,0x00000000a5a80000)
 Metaspace       used 55491K, capacity 57258K, committed 57600K, reserved 1099776K
  class space    used 7655K, capacity 8082K, committed 8192K, reserved 1048576K
}
Event: 25.176 GC heap before
{Heap before GC invocations=14 (full 2):
 PSYoungGen      total 145920K, used 47554K [0x00000000e0000000, 0x00000000ec800000, 0x0000000100000000)
  eden space 131584K, 25% used [0x00000000e0000000,0x00000000e2078458,0x00000000e8080000)
  from space 14336K, 99% used [0x00000000e8080000,0x00000000e8e786e8,0x00000000e8e80000)
  to   space 18432K, 0% used [0x00000000eb600000,0x00000000eb600000,0x00000000ec800000)
 ParOldGen       total 92672K, used 24385K [0x00000000a0000000, 0x00000000a5a80000, 0x00000000e0000000)
  object space 92672K, 26% used [0x00000000a0000000,0x00000000a17d06a8,0x00000000a5a80000)
 Metaspace       used 57124K, capacity 58992K, committed 59096K, reserved 1099776K
  class space    used 7910K, capacity 8343K, committed 8408K, reserved 1048576K
Event: 25.223 GC heap after
Heap after GC invocations=14 (full 2):
 PSYoungGen      total 186368K, used 4128K [0x00000000e0000000, 0x00000000ed700000, 0x0000000100000000)
  eden space 167936K, 0% used [0x00000000e0000000,0x00000000e0000000,0x00000000ea400000)
  from space 18432K, 22% used [0x00000000eb600000,0x00000000eba082a8,0x00000000ec800000)
  to   space 18432K, 0% used [0x00000000ea400000,0x00000000ea400000,0x00000000eb600000)
 ParOldGen       total 92672K, used 37222K [0x00000000a0000000, 0x00000000a5a80000, 0x00000000e0000000)
  object space 92672K, 40% used [0x00000000a0000000,0x00000000a2459910,0x00000000a5a80000)
 Metaspace       used 57124K, capacity 58992K, committed 59096K, reserved 1099776K
  class space    used 7910K, capacity 8343K, committed 8408K, reserved 1048576K
}
Event: 25.223 GC heap before
{Heap before GC invocations=15 (full 3):
 PSYoungGen      total 186368K, used 4128K [0x00000000e0000000, 0x00000000ed700000, 0x0000000100000000)
  eden space 167936K, 0% used [0x00000000e0000000,0x00000000e0000000,0x00000000ea400000)
  from space 18432K, 22% used [0x00000000eb600000,0x00000000eba082a8,0x00000000ec800000)
  to   space 18432K, 0% used [0x00000000ea400000,0x00000000ea400000,0x00000000eb600000)
 ParOldGen       total 92672K, used 37222K [0x00000000a0000000, 0x00000000a5a80000, 0x00000000e0000000)
  object space 92672K, 40% used [0x00000000a0000000,0x00000000a2459910,0x00000000a5a80000)
 Metaspace       used 57124K, capacity 58992K, committed 59096K, reserved 1099776K
  class space    used 7910K, capacity 8343K, committed 8408K, reserved 1048576K
Event: 25.647 GC heap after
Heap after GC invocations=15 (full 3):
 PSYoungGen      total 186368K, used 0K [0x00000000e0000000, 0x00000000ed700000, 0x0000000100000000)
  eden space 167936K, 0% used [0x00000000e0000000,0x00000000e0000000,0x00000000ea400000)
  from space 18432K, 0% used [0x00000000eb600000,0x00000000eb600000,0x00000000ec800000)
  to   space 18432K, 0% used [0x00000000ea400000,0x00000000ea400000,0x00000000eb600000)
 ParOldGen       total 135168K, used 30922K [0x00000000a0000000, 0x00000000a8400000, 0x00000000e0000000)
  object space 135168K, 22% used [0x00000000a0000000,0x00000000a1e32ab8,0x00000000a8400000)
 Metaspace       used 57093K, capacity 58904K, committed 59096K, reserved 1099776K
  class space    used 7900K, capacity 8325K, committed 8408K, reserved 1048576K
}
Event: 32.585 GC heap before
{Heap before GC invocations=16 (full 3):
 PSYoungGen      total 186368K, used 167907K [0x00000000e0000000, 0x00000000ed700000, 0x0000000100000000)
  eden space 167936K, 99% used [0x00000000e0000000,0x00000000ea3f8c30,0x00000000ea400000)
  from space 18432K, 0% used [0x00000000eb600000,0x00000000eb600000,0x00000000ec800000)
  to   space 18432K, 0% used [0x00000000ea400000,0x00000000ea400000,0x00000000eb600000)
 ParOldGen       total 135168K, used 30922K [0x00000000a0000000, 0x00000000a8400000, 0x00000000e0000000)
  object space 135168K, 22% used [0x00000000a0000000,0x00000000a1e32ab8,0x00000000a8400000)
 Metaspace       used 62130K, capacity 64162K, committed 64344K, reserved 1103872K
  class space    used 8538K, capacity 9014K, committed 9048K, reserved 1048576K
Event: 32.605 GC heap after
Heap after GC invocations=16 (full 3):
 PSYoungGen      total 186368K, used 11617K [0x00000000e0000000, 0x00000000ef100000, 0x0000000100000000)
  eden space 167936K, 0% used [0x00000000e0000000,0x00000000e0000000,0x00000000ea400000)
  from space 18432K, 63% used [0x00000000ea400000,0x00000000eaf587a8,0x00000000eb600000)
  to   space 18432K, 0% used [0x00000000edf00000,0x00000000edf00000,0x00000000ef100000)
 ParOldGen       total 135168K, used 30930K [0x00000000a0000000, 0x00000000a8400000, 0x00000000e0000000)
  object space 135168K, 22% used [0x00000000a0000000,0x00000000a1e34ab8,0x00000000a8400000)
 Metaspace       used 62130K, capacity 64162K, committed 64344K, reserved 1103872K
  class space    used 8538K, capacity 9014K, committed 9048K, reserved 1048576K
}

